<?xml version="1.0" encoding="UTF-8"?>
<testng-results skipped="0" failed="0" ignored="0" total="1" passed="1">
  <reporter-output>
  </reporter-output>
  <suite name="Command line suite" duration-ms="7117" started-at="2018-11-18T01:27:51Z" finished-at="2018-11-18T01:27:59Z">
    <groups>
    </groups>
    <test name="Command line test" duration-ms="7117" started-at="2018-11-18T01:27:51Z" finished-at="2018-11-18T01:27:59Z">
      <class name="com.OrangeHR.Application.LoginPageTest">
        <test-method status="PASS" signature="SetUp()[pri:0, instance:com.OrangeHR.Application.LoginPageTest@59e84876]" name="SetUp" is-config="true" duration-ms="3569" started-at="2018-11-17T19:27:51Z" finished-at="2018-11-17T19:27:55Z">
          <reporter-output>
          </reporter-output>
        </test-method> <!-- SetUp -->
        <test-method status="PASS" signature="TearDown()[pri:0, instance:com.OrangeHR.Application.LoginPageTest@59e84876]" name="TearDown" is-config="true" duration-ms="161" started-at="2018-11-17T19:27:58Z" finished-at="2018-11-17T19:27:59Z">
          <reporter-output>
          </reporter-output>
        </test-method> <!-- TearDown -->
      </class> <!-- com.OrangeHR.Application.LoginPageTest -->
      <class name="Examples.SeleniumTest">
        <test-method status="PASS" signature="TestMethod()[pri:0, instance:Examples.SeleniumTest@61a485d2]" name="TestMethod" duration-ms="3336" started-at="2018-11-17T19:27:55Z" finished-at="2018-11-17T19:27:58Z">
          <reporter-output>
          </reporter-output>
        </test-method> <!-- TestMethod -->
      </class> <!-- Examples.SeleniumTest -->
    </test> <!-- Command line test -->
  </suite> <!-- Command line suite -->
</testng-results>
